<?xml version="1.0" encoding="UTF-8"?>
<!-- Generated by org.testng.reporters.JUnitXMLReporter -->
<testsuite ignored="0" hostname="Laptop" failures="0" tests="3" name="chrometest" time="87.964" errors="0" timestamp="2025-09-02T11:45:33 IST">
  <testcase classname="testCases.Scenario1" name="formDemo" time="12.541"/>
  <testcase classname="testCases.Scenario2" name="dragAndDropTest" time="9.636"/>
  <testcase classname="testCases.Scenario3" name="testInputForm" time="20.937"/>
</testsuite> <!-- chrometest -->
